<?xml version="1.0" encoding="UTF-8"?>
<testsuite xmlns:xsi="http://www.w3.org/2001/XMLSchema-instance" xsi:noNamespaceSchemaLocation="https://maven.apache.org/surefire/maven-surefire-plugin/xsd/surefire-test-report-3.0.xsd" version="3.0" name="CalculatorTest" time="0.091" tests="6" errors="0" skipped="0" failures="0">
  <properties>
[...]
</properties>
  <testcase name="subtract" classname="CalculatorTest" time="0.042"/>
  <testcase name="divide" classname="CalculatorTest" time="0.002"/>
  <testcase name="sum" classname="CalculatorTest" time="0.005"/>
  <testcase name="multiply" classname="CalculatorTest" time="0.001"/>
  <testcase name="testCalculatorException" classname="CalculatorTest" time="0.004"/>
  <testcase name="testNotANumberException" classname="CalculatorTest" time="0.002"/>
</testsuite>